Original
ID;Type;Model Type;Kind;Model Name

After Fixed
ID;Type;Model Type;Kind;Model Name
1l.QxiKGAqBwAQQK;Model Element;Package;UPDATE;"domein"
AfsSniKGAqBwARRO;Model Element;Class;UPDATE;"Student"
FC8SniKGAqBwARRV;Model Element;Class;UPDATE;"Promotor"
wbMYqiKGAqBwAQb9;Diagram;ClassDiagram;UPDATE;"domein"
pl.QxiKGAqBwAQQD;Shape;Package;UPDATE;"domein"
WvMiniKGAqBwARPI;Shape;Association;UPDATE;"(no name)"
KLKiniKGAqBwARPn;Shape;Association;UPDATE;"(no name)"
bhRiniKGAqBwARQK;Shape;Association;UPDATE;"(no name)"
R3CSniKGAqBwARRa;Shape;Generalization;UPDATE;"(no name)"
HpiSniKGAqBwARRe;Shape;Generalization;UPDATE;"(no name)"
FC8SniKGAqBwARRU;Shape;Class;UPDATE;"Promotor"
AfsSniKGAqBwARRN;Shape;Class;UPDATE;"Student"
Ld8yniKGAqBwAQUH;Shape;(Not Found);DELETE;"(Not Found)"
3.OyniKGAqBwAQUa;Shape;(Not Found);DELETE;"(Not Found)"
6t8yniKGAqBwAQT7;Model Element;(Not Found);DELETE;"(Not Found)"
3.OyniKGAqBwAQUb;Model Element;(Not Found);DELETE;"(Not Found)"

